<?xml version="1.0" encoding="UTF-8"?>
<!-- Generated by org.testng.reporters.JUnitXMLReporter -->
<testsuite ignored="0" hostname="Sais-MacBook-Pro-2.local" failures="0" tests="1" name="Surefire test" time="0.015" errors="0" timestamp="2026-04-15T16:45:05 PDT">
  <testcase classname="TestAutomationConcepts.TC_001_CrossBrowserAndParallelTestNGTest" name="@BeforeTest setUp" time="-1.776296705201E9">
    <failure type="org.testng.TestNGException" message="
Parameter &amp;apos;browserName&amp;apos; is required by BeforeTest on method setUp but has not been marked @Optional or defined
">
      <![CDATA[org.testng.TestNGException: 
Parameter 'browserName' is required by BeforeTest on method setUp but has not been marked @Optional or defined

... Removed 26 stack frames]]>
    </failure>
  </testcase> <!-- @BeforeTest setUp -->
  <testcase classname="TestAutomationConcepts.TC_001_CrossBrowserAndParallelTestNGTest" name="@AfterTest tearDown" time="0.0">
    <skipped/>
  </testcase> <!-- @AfterTest tearDown -->
  <testcase classname="TestAutomationConcepts.TC_001_CrossBrowserAndParallelTestNGTest" name="pgChecks" time="0.0">
    <skipped/>
  </testcase> <!-- pgChecks -->
</testsuite> <!-- Surefire test -->
