<?xml version="1.0" encoding="UTF-8"?>
<!-- Generated by org.testng.reporters.JUnitXMLReporter -->
<testsuite ignored="0" hostname="mac.lan" failures="0" tests="3" name="Default test" time="3.285" errors="0" timestamp="2026-06-01T17:19:48 PDT">
  <testcase classname="excercise.TakeScreenshot" name="launchApplication" time="2.921"/>
  <testcase classname="excercise.TakeScreenshot" name="pageChecks" time="0.026"/>
  <testcase classname="excercise.TakeScreenshot" name="takeScreenshot" time="0.312"/>
</testsuite> <!-- Default test -->
