<?xml version="1.0" encoding="UTF-8"?>
<!-- Generated by org.testng.reporters.JUnitXMLReporter -->
<testsuite ignored="0" hostname="mac.lan" failures="0" tests="5" name="Default test" time="0.023" errors="0" timestamp="2026-06-28T16:44:58 PDT">
  <testcase classname="TestAutomationConcepts.TC_001_SameMethodWithMultiThreadClass4" name="Class4MethodA" time="0.005"/>
  <testcase classname="TestAutomationConcepts.TC_001_SameMethodWithMultiThreadClass4" name="Class4MethodA" time="0.005"/>
  <testcase classname="TestAutomationConcepts.TC_001_SameMethodWithMultiThreadClass4" name="Class4MethodA" time="0.005"/>
  <testcase classname="TestAutomationConcepts.TC_001_SameMethodWithMultiThreadClass4" name="Class4MethodB" time="0.001"/>
  <testcase classname="TestAutomationConcepts.TC_001_SameMethodWithMultiThreadClass4" name="Class4MethodC" time="0.0"/>
</testsuite> <!-- Default test -->
