<?xml version="1.0" encoding="UTF-8"?>
<!-- Generated by org.testng.reporters.JUnitXMLReporter -->
<testsuite ignored="0" hostname="Sais-MacBook-Pro-2.local" failures="1" tests="1" name="firefoxTest" time="6.649" errors="0" timestamp="2026-04-08T16:56:52 PDT">
  <testcase classname="TestAutomationConcepts.TC_001_CrossBrowserAndParallelTestNGTest" name="pgChecks" time="3.192">
    <failure type="java.lang.AssertionError" message="expected [false] but found [true]">
      <![CDATA[java.lang.AssertionError: expected [false] but found [true]
at TestAutomationConcepts.TC_001_CrossBrowserAndParallelTestNGTest.pgChecks(TC_001_CrossBrowserAndParallelTestNGTest.java:94)
at java.base/java.util.ArrayList.forEach(ArrayList.java:1604)
at java.base/java.util.concurrent.FutureTask.run(FutureTask.java:328)
at java.base/java.util.concurrent.ThreadPoolExecutor.runWorker(ThreadPoolExecutor.java:1090)
at java.base/java.util.concurrent.ThreadPoolExecutor$Worker.run(ThreadPoolExecutor.java:614)
at java.base/java.lang.Thread.run(Thread.java:1474)
... Removed 22 stack frames]]>
    </failure>
  </testcase> <!-- pgChecks -->
</testsuite> <!-- firefoxTest -->
