<?xml version="1.0" encoding="UTF-8"?>
<!-- Generated by org.testng.reporters.JUnitXMLReporter -->
<testsuite ignored="0" hostname="Sais-MacBook-Pro-2.local" failures="1" tests="1" name="safariTest" time="15.06" errors="0" timestamp="2026-07-22T13:28:46 PDT">
  <testcase classname="TestAutomationConcepts.TC_001_CrossBrowserParallelThreadSafetyTestNGTest" name="pgChecks" time="2.468">
    <failure type="org.openqa.selenium.WebDriverException" message="A command failed due to an internal error
Build info: version: &amp;apos;4.41.0&amp;apos;, revision: &amp;apos;9fc754f&amp;apos;
System info: os.name: &amp;apos;Mac OS X&amp;apos;, os.arch: &amp;apos;aarch64&amp;apos;, os.version: &amp;apos;26.5.2&amp;apos;, java.version: &amp;apos;25.0.2&amp;apos;
Driver info: org.openqa.selenium.safari.SafariDriver
Command: [DEBFC025-A689-4466-9765-344772B79F1D, getTitle {}]
Capabilities {acceptInsecureCerts: false, browserName: Safari, browserVersion: 26.5.2, platformName: mac, safari:automaticInspection: false, safari:automaticProfiling: false, safari:diagnose: false, safari:experimentalWebSocketUrl: false, safari:platformBuildVersion: 25F84, safari:platformVersion: 26.5.2, safari:useSimulator: false, setWindowRect: true, strictFileInteractability: false, webkit:WebRTC: {DisableICECandidateFiltering: false, DisableInsecureMediaCapture: false}, webkit:alwaysAllowAutoplay: false}
Session ID: DEBFC025-A689-4466-9765-344772B79F1D">
      <![CDATA[org.openqa.selenium.WebDriverException: A command failed due to an internal error
Build info: version: '4.41.0', revision: '9fc754f'
System info: os.name: 'Mac OS X', os.arch: 'aarch64', os.version: '26.5.2', java.version: '25.0.2'
Driver info: org.openqa.selenium.safari.SafariDriver
Command: [DEBFC025-A689-4466-9765-344772B79F1D, getTitle {}]
Capabilities {acceptInsecureCerts: false, browserName: Safari, browserVersion: 26.5.2, platformName: mac, safari:automaticInspection: false, safari:automaticProfiling: false, safari:diagnose: false, safari:experimentalWebSocketUrl: false, safari:platformBuildVersion: 25F84, safari:platformVersion: 26.5.2, safari:useSimulator: false, setWindowRect: true, strictFileInteractability: false, webkit:WebRTC: {DisableICECandidateFiltering: false, DisableInsecureMediaCapture: false}, webkit:alwaysAllowAutoplay: false}
Session ID: DEBFC025-A689-4466-9765-344772B79F1D
at org.openqa.selenium.remote.ErrorCodec.decode(ErrorCodec.java:169)
at org.openqa.selenium.remote.codec.w3c.W3CHttpResponseCodec.decode(W3CHttpResponseCodec.java:142)
at org.openqa.selenium.remote.codec.w3c.W3CHttpResponseCodec.decode(W3CHttpResponseCodec.java:49)
at org.openqa.selenium.remote.HttpCommandExecutor.execute(HttpCommandExecutor.java:223)
at org.openqa.selenium.remote.service.DriverCommandExecutor.invokeExecute(DriverCommandExecutor.java:216)
at org.openqa.selenium.remote.service.DriverCommandExecutor.execute(DriverCommandExecutor.java:174)
at org.openqa.selenium.remote.RemoteWebDriver.execute(RemoteWebDriver.java:604)
at org.openqa.selenium.remote.RemoteWebDriver.execute(RemoteWebDriver.java:686)
at org.openqa.selenium.remote.RemoteWebDriver.execute(RemoteWebDriver.java:690)
at org.openqa.selenium.remote.RemoteWebDriver.getTitle(RemoteWebDriver.java:377)
at TestAutomationConcepts.TC_001_CrossBrowserParallelThreadSafetyTestNGTest.pgChecks(TC_001_CrossBrowserParallelThreadSafetyTestNGTest.java:104)
at java.base/java.util.ArrayList.forEach(ArrayList.java:1604)
at java.base/java.util.concurrent.FutureTask.run(FutureTask.java:328)
at java.base/java.util.concurrent.ThreadPoolExecutor.runWorker(ThreadPoolExecutor.java:1090)
at java.base/java.util.concurrent.ThreadPoolExecutor$Worker.run(ThreadPoolExecutor.java:614)
at java.base/java.lang.Thread.run(Thread.java:1474)
... Removed 15 stack frames]]>
    </failure>
  </testcase> <!-- pgChecks -->
</testsuite> <!-- safariTest -->
