<?xml version="1.0" encoding="UTF-8"?>
<!-- Generated by org.testng.reporters.JUnitXMLReporter -->
<testsuite ignored="0" hostname="mac.lan" failures="0" tests="7" name="Test1" time="0.018" errors="0" timestamp="2026-06-28T14:24:50 PDT">
  <testcase classname="TestAutomationConcepts.TC_001_ParallelClass1" name="Class1Method2" time="0.003"/>
  <testcase classname="TestAutomationConcepts.TC_001_ParallelClass1" name="Class1Method1" time="0.003"/>
  <testcase classname="TestAutomationConcepts.TC_001_ParallelClass1" name="Class1Method3" time="0.0"/>
  <testcase classname="TestAutomationConcepts.TC_001_ParallelClass1" name="Class1Method4" time="0.0"/>
  <testcase classname="TestAutomationConcepts.TC_001_ParallelClass3" name="Class3Method1" time="0.0"/>
  <testcase classname="TestAutomationConcepts.TC_001_ParallelClass3" name="Class3Method2" time="0.001"/>
  <testcase classname="TestAutomationConcepts.TC_001_ParallelClass3" name="Class3Method3" time="0.0"/>
</testsuite> <!-- Test1 -->
