<?xml version="1.0" encoding="UTF-8"?>
<!-- Generated by org.testng.reporters.JUnitXMLReporter -->
<testsuite ignored="0" hostname="mac.lan" failures="0" tests="3" name="Test2" time="0.004" errors="0" timestamp="2026-06-28T14:24:50 PDT">
  <testcase classname="TestAutomationConcepts.TC_001_ParallelClass2" name="Class2Method1" time="0.0"/>
  <testcase classname="TestAutomationConcepts.TC_001_ParallelClass2" name="Class2Method2" time="0.001"/>
  <testcase classname="TestAutomationConcepts.TC_001_ParallelClass2" name="Class2Method3" time="0.0"/>
</testsuite> <!-- Test2 -->
