<?xml version="1.0" encoding="UTF-8"?>
<!-- Generated by org.testng.reporters.JUnitXMLReporter -->
<testsuite ignored="0" hostname="mac.lan" failures="0" tests="3" name="Test3" time="0.003" errors="0" timestamp="2026-06-27T20:44:05 PDT">
  <testcase classname="TestAutomationConcepts.TC_001_ParallelClass3" name="Class3Method1" time="0.0"/>
  <testcase classname="TestAutomationConcepts.TC_001_ParallelClass3" name="Class3Method2" time="0.0"/>
  <testcase classname="TestAutomationConcepts.TC_001_ParallelClass3" name="Class3Method3" time="0.001"/>
</testsuite> <!-- Test3 -->
