<?xml version="1.0" encoding="UTF-8"?>
<testsuite xmlns:xsi="http://www.w3.org/2001/XMLSchema-instance" xsi:noNamespaceSchemaLocation="https://maven.apache.org/surefire/maven-surefire-plugin/xsd/surefire-test-report.xsd" version="3.0.2" name="TestSuite" time="12.435" tests="3" errors="0" skipped="1" failures="2" flakes="0">
  <properties>
[...]
</properties>
  <testcase name="pgChecks" classname="TestAutomationConcepts.TC_001_CrossBrowserAndParallelTestNGTest" time="2.352">
    <system-out><![CDATA[The Browser Name from BeforeTest : FireFox
The Thread ID29
The Browser Name from BeforeTest : chrome
The Thread ID28
The Page Title : 
The Page URL : https://www.youtube.com/watch?v=WZfh6v53leA
The Page Language : en
]]></system-out>
    <system-err><![CDATA[SLF4J(W): No SLF4J providers were found.
SLF4J(W): Defaulting to no-operation (NOP) logger implementation
SLF4J(W): See https://www.slf4j.org/codes.html#noProviders for further details.
Apr 14, 2026 2:28:04 PM org.openqa.selenium.devtools.CdpVersionFinder findNearestMatch
WARNING: Unable to find an exact match for CDP version 147, returning the closest version; found: 145; Please update to a Selenium version that supports CDP version 147
Apr 14, 2026 2:28:04 PM org.openqa.selenium.devtools.CdpVersionFinder findNearestMatch
WARNING: Unable to find an exact match for CDP version 147, returning the closest version; found: 145; Please update to a Selenium version that supports CDP version 147
Apr 14, 2026 2:28:06 PM org.openqa.selenium.devtools.CdpVersionFinder findNearestMatch
WARNING: Unable to find an exact match for CDP version 147, returning the closest version; found: 145; Please update to a Selenium version that supports CDP version 147
]]></system-err>
  </testcase>
  <testcase name="pgChecks" classname="TestAutomationConcepts.TC_001_CrossBrowserAndParallelTestNGTest" time="0.0">
    <skipped message="Could not start a new session. Response code 500. Message: Could not create a session: You must enable &apos;Allow remote automation&apos; in the Developer section of Safari Settings to control Safari via WebDriver. &#10;Host info: host: &apos;Sais-MacBook-Pro-2.local&apos;, ip: &apos;2600:1700:5451:3b90:0:0:0:18%en0&apos;&#10;Build info: version: &apos;4.41.0&apos;, revision: &apos;9fc754f&apos;&#10;System info: os.name: &apos;Mac OS X&apos;, os.arch: &apos;aarch64&apos;, os.version: &apos;26.4.1&apos;, java.version: &apos;25.0.2&apos;&#10;Driver info: org.openqa.selenium.safari.SafariDriver&#10;Command: [null, newSession {capabilities=[Capabilities {browserName: safari}]}]&#10;Capabilities {browserName: safari}"/>
  </testcase>
  <testcase name="pgChecks" classname="TestAutomationConcepts.TC_001_CrossBrowserAndParallelTestNGTest" time="0.457">
    <failure message="expected [false] but found [true]" type="java.lang.AssertionError"><![CDATA[java.lang.AssertionError: expected [false] but found [true]
	at org.testng.Assert.fail(Assert.java:111)
	at org.testng.Assert.failNotEquals(Assert.java:1590)
	at org.testng.Assert.assertEqualsImpl(Assert.java:150)
	at org.testng.Assert.assertEquals(Assert.java:132)
	at org.testng.Assert.assertEquals(Assert.java:1079)
	at org.testng.Assert.assertEquals(Assert.java:1043)
	at org.testng.Assert.assertEquals(Assert.java:1089)
	at TestAutomationConcepts.TC_001_CrossBrowserAndParallelTestNGTest.pgChecks(TC_001_CrossBrowserAndParallelTestNGTest.java:94)
	at java.base/jdk.internal.reflect.DirectMethodHandleAccessor.invoke(DirectMethodHandleAccessor.java:104)
	at java.base/java.lang.reflect.Method.invoke(Method.java:565)
	at org.testng.internal.invokers.MethodInvocationHelper.invokeMethod(MethodInvocationHelper.java:141)
	at org.testng.internal.invokers.TestInvoker.invokeMethod(TestInvoker.java:697)
	at org.testng.internal.invokers.TestInvoker.invokeTestMethod(TestInvoker.java:230)
	at org.testng.internal.invokers.MethodRunner.runInSequence(MethodRunner.java:63)
	at org.testng.internal.invokers.TestInvoker$MethodInvocationAgent.invoke(TestInvoker.java:1005)
	at org.testng.internal.invokers.TestInvoker.invokeTestMethods(TestInvoker.java:203)
	at org.testng.internal.invokers.TestMethodWorker.invokeTestMethods(TestMethodWorker.java:154)
	at org.testng.internal.invokers.TestMethodWorker.run(TestMethodWorker.java:134)
	at java.base/java.util.ArrayList.forEach(ArrayList.java:1604)
	at org.testng.TestRunner.privateRun(TestRunner.java:744)
	at org.testng.TestRunner.run(TestRunner.java:616)
	at org.testng.SuiteRunner.runTest(SuiteRunner.java:421)
	at org.testng.SuiteRunner$SuiteWorker.run(SuiteRunner.java:463)
	at org.testng.internal.thread.ThreadUtil.lambda$execute$0(ThreadUtil.java:64)
	at java.base/java.util.concurrent.FutureTask.run(FutureTask.java:328)
	at java.base/java.util.concurrent.ThreadPoolExecutor.runWorker(ThreadPoolExecutor.java:1090)
	at java.base/java.util.concurrent.ThreadPoolExecutor$Worker.run(ThreadPoolExecutor.java:614)
	at java.base/java.lang.Thread.run(Thread.java:1474)
]]></failure>
    <system-out><![CDATA[The Page Title : Selenium Framework for Beginners 22 | Selenium TestNG | How to do Multiple Browser Parallel Testing - YouTube
The Page URL : https://www.youtube.com/watch?v=WZfh6v53leA
The Page Language : en
]]></system-out>
  </testcase>
  <testcase name="setUp[safari](0)" classname="TestAutomationConcepts.TC_001_CrossBrowserAndParallelTestNGTest" time="3.311">
    <failure message="Could not start a new session. Response code 500. Message: Could not create a session: You must enable &apos;Allow remote automation&apos; in the Developer section of Safari Settings to control Safari via WebDriver. &#10;Host info: host: &apos;Sais-MacBook-Pro-2.local&apos;, ip: &apos;2600:1700:5451:3b90:0:0:0:18%en0&apos;&#10;Build info: version: &apos;4.41.0&apos;, revision: &apos;9fc754f&apos;&#10;System info: os.name: &apos;Mac OS X&apos;, os.arch: &apos;aarch64&apos;, os.version: &apos;26.4.1&apos;, java.version: &apos;25.0.2&apos;&#10;Driver info: org.openqa.selenium.safari.SafariDriver&#10;Command: [null, newSession {capabilities=[Capabilities {browserName: safari}]}]&#10;Capabilities {browserName: safari}" type="org.openqa.selenium.SessionNotCreatedException"><![CDATA[org.openqa.selenium.SessionNotCreatedException: 
Could not start a new session. Response code 500. Message: Could not create a session: You must enable 'Allow remote automation' in the Developer section of Safari Settings to control Safari via WebDriver. 
Host info: host: 'Sais-MacBook-Pro-2.local', ip: '2600:1700:5451:3b90:0:0:0:18%en0'
Build info: version: '4.41.0', revision: '9fc754f'
System info: os.name: 'Mac OS X', os.arch: 'aarch64', os.version: '26.4.1', java.version: '25.0.2'
Driver info: org.openqa.selenium.safari.SafariDriver
Command: [null, newSession {capabilities=[Capabilities {browserName: safari}]}]
Capabilities {browserName: safari}
	at org.openqa.selenium.remote.ProtocolHandshake.createSession(ProtocolHandshake.java:114)
	at org.openqa.selenium.remote.ProtocolHandshake.createSession(ProtocolHandshake.java:75)
	at org.openqa.selenium.remote.ProtocolHandshake.createSession(ProtocolHandshake.java:61)
	at org.openqa.selenium.remote.HttpCommandExecutor.execute(HttpCommandExecutor.java:195)
	at org.openqa.selenium.remote.service.DriverCommandExecutor.invokeExecute(DriverCommandExecutor.java:216)
	at org.openqa.selenium.remote.service.DriverCommandExecutor.execute(DriverCommandExecutor.java:174)
	at org.openqa.selenium.remote.RemoteWebDriver.execute(RemoteWebDriver.java:604)
	at org.openqa.selenium.remote.RemoteWebDriver.startSession(RemoteWebDriver.java:288)
	at org.openqa.selenium.remote.RemoteWebDriver.<init>(RemoteWebDriver.java:211)
	at org.openqa.selenium.safari.SafariDriver.<init>(SafariDriver.java:89)
	at org.openqa.selenium.safari.SafariDriver.<init>(SafariDriver.java:61)
	at org.openqa.selenium.safari.SafariDriver.<init>(SafariDriver.java:57)
	at org.openqa.selenium.safari.SafariDriver.<init>(SafariDriver.java:48)
	at TestAutomationConcepts.TC_001_CrossBrowserAndParallelTestNGTest.setUp(TC_001_CrossBrowserAndParallelTestNGTest.java:61)
	at java.base/jdk.internal.reflect.DirectMethodHandleAccessor.invoke(DirectMethodHandleAccessor.java:104)
	at java.base/java.lang.reflect.Method.invoke(Method.java:565)
	at org.testng.internal.invokers.MethodInvocationHelper.invokeMethod(MethodInvocationHelper.java:141)
	at org.testng.internal.invokers.MethodInvocationHelper.invokeMethodConsideringTimeout(MethodInvocationHelper.java:71)
	at org.testng.internal.invokers.ConfigInvoker.invokeConfigurationMethod(ConfigInvoker.java:400)
	at org.testng.internal.invokers.ConfigInvoker.invokeConfigurations(ConfigInvoker.java:333)
	at org.testng.TestRunner.invokeTestConfigurations(TestRunner.java:657)
	at org.testng.TestRunner.beforeRun(TestRunner.java:646)
	at org.testng.TestRunner.run(TestRunner.java:612)
	at org.testng.SuiteRunner.runTest(SuiteRunner.java:421)
	at org.testng.SuiteRunner$SuiteWorker.run(SuiteRunner.java:463)
	at org.testng.internal.thread.ThreadUtil.lambda$execute$0(ThreadUtil.java:64)
	at java.base/java.util.concurrent.FutureTask.run(FutureTask.java:328)
	at java.base/java.util.concurrent.ThreadPoolExecutor.runWorker(ThreadPoolExecutor.java:1090)
	at java.base/java.util.concurrent.ThreadPoolExecutor$Worker.run(ThreadPoolExecutor.java:614)
	at java.base/java.lang.Thread.run(Thread.java:1474)
]]></failure>
    <system-out><![CDATA[Test completed successfully 
]]></system-out>
  </testcase>
  <testcase name="tearDown" classname="TestAutomationConcepts.TC_001_CrossBrowserAndParallelTestNGTest" time="0.0">
    <skipped/>
  </testcase>
</testsuite>