<?xml version="1.0" encoding="UTF-8"?>
<testng-results ignored="0" total="3" passed="3" failed="0" skipped="0">
  <reporter-output>
  </reporter-output>
  <suite started-at="2026-06-01T17:19:44 PDT" name="Default suite" finished-at="2026-06-01T17:19:48 PDT" duration-ms="3285">
    <groups>
    </groups>
    <test started-at="2026-06-01T17:19:44 PDT" name="Default test" finished-at="2026-06-01T17:19:48 PDT" duration-ms="3285">
      <class name="excercise.TakeScreenshot">
        <test-method is-config="true" signature="launchBrowser()[pri:0, instance:excercise.TakeScreenshot@72057ecf]" started-at="2026-06-01T17:19:43 PDT" name="launchBrowser" finished-at="2026-06-01T17:19:44 PDT" duration-ms="1204" status="PASS">
          <reporter-output>
          </reporter-output>
        </test-method> <!-- launchBrowser -->
        <test-method signature="launchApplication()[pri:1, instance:excercise.TakeScreenshot@72057ecf]" started-at="2026-06-01T17:19:44 PDT" name="launchApplication" description="Launch Application" finished-at="2026-06-01T17:19:47 PDT" duration-ms="2921" status="PASS">
          <reporter-output>
          </reporter-output>
        </test-method> <!-- launchApplication -->
        <test-method signature="pageChecks()[pri:2, instance:excercise.TakeScreenshot@72057ecf]" started-at="2026-06-01T17:19:47 PDT" name="pageChecks" description="Checks" finished-at="2026-06-01T17:19:47 PDT" duration-ms="26" status="PASS">
          <reporter-output>
          </reporter-output>
        </test-method> <!-- pageChecks -->
        <test-method signature="takeScreenshot()[pri:3, instance:excercise.TakeScreenshot@72057ecf]" started-at="2026-06-01T17:19:47 PDT" name="takeScreenshot" description="Take screenshot" finished-at="2026-06-01T17:19:48 PDT" duration-ms="312" status="PASS">
          <reporter-output>
          </reporter-output>
        </test-method> <!-- takeScreenshot -->
        <test-method is-config="true" signature="closeBrowser()[pri:0, instance:excercise.TakeScreenshot@72057ecf]" started-at="2026-06-01T17:19:48 PDT" name="closeBrowser" finished-at="2026-06-01T17:19:48 PDT" duration-ms="93" status="PASS">
          <reporter-output>
          </reporter-output>
        </test-method> <!-- closeBrowser -->
      </class> <!-- excercise.TakeScreenshot -->
    </test> <!-- Default test -->
  </suite> <!-- Default suite -->
</testng-results>
