<?xml version="1.0" encoding="UTF-8"?>
<!-- Generated by org.testng.reporters.JUnitReportReporter -->
<testsuite hostname="Sais-MacBook-Pro-2.local" failures="0" tests="3" name="excercise.Practice" time="21.059" errors="0" timestamp="2026-06-26T13:38:30 PDT" skipped="0">
  <testcase classname="excercise.Practice" name="launchBrowser" time="3.895"/>
  <testcase classname="excercise.Practice" name="pageScreenshot" time="0.063"/>
  <testcase classname="excercise.Practice" name="brokenlink" time="17.101"/>
</testsuite> <!-- excercise.Practice -->
