<?xml version="1.0" encoding="UTF-8"?>
<!-- Generated by org.testng.reporters.JUnitReportReporter -->
<testsuite hostname="mac.lan" failures="0" tests="3" name="excercise.TakeScreenshot" time="3.259" errors="0" timestamp="2026-06-01T17:19:48 PDT" skipped="0">
  <testcase classname="excercise.TakeScreenshot" name="launchApplication" time="2.921"/>
  <testcase classname="excercise.TakeScreenshot" name="pageChecks" time="0.026"/>
  <testcase classname="excercise.TakeScreenshot" name="takeScreenshot" time="0.312"/>
</testsuite> <!-- excercise.TakeScreenshot -->
