<?xml version="1.0" encoding="UTF-8"?>
<!-- Generated by org.testng.reporters.JUnitReportReporter -->
<testsuite hostname="mac.lan" failures="0" tests="5" name="TestAutomationConcepts.TC_001_SameMethodWithMultiThreadClass4" time="0.016" errors="0" timestamp="2026-06-28T16:44:58 PDT" skipped="0">
  <testcase classname="TestAutomationConcepts.TC_001_SameMethodWithMultiThreadClass4" name="Class4MethodC" time="0.000"/>
  <testcase classname="TestAutomationConcepts.TC_001_SameMethodWithMultiThreadClass4" name="Class4MethodA" time="0.005"/>
  <testcase classname="TestAutomationConcepts.TC_001_SameMethodWithMultiThreadClass4" name="Class4MethodA" time="0.005"/>
  <testcase classname="TestAutomationConcepts.TC_001_SameMethodWithMultiThreadClass4" name="Class4MethodB" time="0.001"/>
  <testcase classname="TestAutomationConcepts.TC_001_SameMethodWithMultiThreadClass4" name="Class4MethodA" time="0.005"/>
</testsuite> <!-- TestAutomationConcepts.TC_001_SameMethodWithMultiThreadClass4 -->
