<?xml version="1.0" encoding="UTF-8"?>
<!-- Generated by org.testng.reporters.JUnitReportReporter -->
<testsuite hostname="mac.lan" failures="0" tests="4" name="TestAutomationConcepts.TC_001_ParallelClass1" time="0.006" errors="0" timestamp="2026-06-28T14:24:50 PDT" skipped="0">
  <testcase classname="TestAutomationConcepts.TC_001_ParallelClass1" name="Class1Method2" time="0.003"/>
  <testcase classname="TestAutomationConcepts.TC_001_ParallelClass1" name="Class1Method3" time="0.000"/>
  <testcase classname="TestAutomationConcepts.TC_001_ParallelClass1" name="Class1Method1" time="0.003"/>
  <testcase classname="TestAutomationConcepts.TC_001_ParallelClass1" name="Class1Method4" time="0.000"/>
</testsuite> <!-- TestAutomationConcepts.TC_001_ParallelClass1 -->
