<?xml version="1.0" encoding="UTF-8"?>
<!-- Generated by org.testng.reporters.JUnitReportReporter -->
<testsuite hostname="mac.lan" failures="0" tests="3" name="TestAutomationConcepts.TC_001_ParallelClass2" time="0.001" errors="0" timestamp="2026-06-28T14:24:50 PDT" skipped="0">
  <testcase classname="TestAutomationConcepts.TC_001_ParallelClass2" name="Class2Method3" time="0.000"/>
  <testcase classname="TestAutomationConcepts.TC_001_ParallelClass2" name="Class2Method1" time="0.000"/>
  <testcase classname="TestAutomationConcepts.TC_001_ParallelClass2" name="Class2Method2" time="0.001"/>
</testsuite> <!-- TestAutomationConcepts.TC_001_ParallelClass2 -->
