<?xml version="1.0" encoding="UTF-8"?>
<!-- Generated by org.testng.reporters.JUnitReportReporter -->
<testsuite hostname="Sais-MacBook-Pro-2.local" failures="0" tests="2" name="TestAutomationConcepts.TC_001_CrossBrowserAndParallelTestNGTest" time="-1784752128.000" errors="1" timestamp="2026-07-22T13:27:36 PDT" skipped="1">
  <testcase classname="TestAutomationConcepts.TC_001_CrossBrowserAndParallelTestNGTest" name="setUp" time="-1784752128.000">
    <error message="
Parameter &#039;browserName&#039; is required by BeforeTest on method setUp but has not been marked @Optional or defined
in /private/var/folders/tl/30wl89k97gd1h0fp22y7k7x00000gn/T/testng-eclipse--861191784/testng-customsuite.xml" type="org.testng.TestNGException">
      <![CDATA[org.testng.TestNGException: 
Parameter 'browserName' is required by BeforeTest on method setUp but has not been marked @Optional or defined
in /private/var/folders/tl/30wl89k97gd1h0fp22y7k7x00000gn/T/testng-eclipse--861191784/testng-customsuite.xml
at org.testng.internal.Parameters.createParams(Parameters.java:264)
at org.testng.internal.Parameters.createParametersForMethod(Parameters.java:352)
at org.testng.internal.Parameters.createParameters(Parameters.java:690)
at org.testng.internal.Parameters.createConfigurationParameters(Parameters.java:163)
at org.testng.internal.invokers.ConfigInvoker.invokeConfigurations(ConfigInvoker.java:313)
at org.testng.TestRunner.invokeTestConfigurations(TestRunner.java:657)
at org.testng.TestRunner.beforeRun(TestRunner.java:646)
at org.testng.TestRunner.run(TestRunner.java:612)
at org.testng.SuiteRunner.runTest(SuiteRunner.java:421)
at org.testng.SuiteRunner.runSequentially(SuiteRunner.java:413)
at org.testng.SuiteRunner.privateRun(SuiteRunner.java:373)
at org.testng.SuiteRunner.run(SuiteRunner.java:312)
at org.testng.SuiteRunnerWorker.runSuite(SuiteRunnerWorker.java:52)
at org.testng.SuiteRunnerWorker.run(SuiteRunnerWorker.java:95)
at org.testng.TestNG.runSuitesSequentially(TestNG.java:1274)
at org.testng.TestNG.runSuitesLocally(TestNG.java:1208)
at org.testng.TestNG.runSuites(TestNG.java:1112)
at org.testng.TestNG.run(TestNG.java:1079)
at org.testng.remote.AbstractRemoteTestNG.run(AbstractRemoteTestNG.java:115)
at org.testng.remote.RemoteTestNG.initAndRun(RemoteTestNG.java:293)
at org.testng.remote.RemoteTestNG.main(RemoteTestNG.java:91)
]]>
    </error>
  </testcase> <!-- setUp -->
  <testcase classname="TestAutomationConcepts.TC_001_CrossBrowserAndParallelTestNGTest" name="pgChecks" time="0.000">
    <skipped/>
  </testcase> <!-- pgChecks -->
</testsuite> <!-- TestAutomationConcepts.TC_001_CrossBrowserAndParallelTestNGTest -->
