<?xml version="1.0" encoding="UTF-8"?>
<!-- Generated by org.testng.reporters.JUnitReportReporter -->
<testsuite hostname="Sais-MacBook-Pro-2.local" failures="0" tests="3" name="excercise.TakeScreenshot" time="0.869" errors="0" timestamp="2026-06-06T16:47:08 PDT" skipped="0">
  <testcase classname="excercise.TakeScreenshot" name="pageChecks" time="0.037"/>
  <testcase classname="excercise.TakeScreenshot" name="takeScreenshot" time="0.766"/>
  <testcase classname="excercise.TakeScreenshot" name="takeScreenshotSection" time="0.066"/>
</testsuite> <!-- excercise.TakeScreenshot -->
